<?xml version="1.0" encoding="UTF-8"?>
<!-- Generated by org.testng.reporters.JUnitReportReporter -->
<testsuite hostname="DESKTOP-CNF8BPT" failures="0" tests="1" name="basicPgm.MyFirstSamplePgm" time="6.214" errors="0" timestamp="2023-03-08T12:57:31 CST" skipped="0">
  <testcase classname="basicPgm.MyFirstSamplePgm" name="sample" time="6.214"/>
  <system-out/>
</testsuite> <!-- basicPgm.MyFirstSamplePgm -->
